{
  "stats": {
    "suites": 1,
    "tests": 2,
    "passes": 2,
    "pending": 0,
    "failures": 0,
    "start": "2020-06-29T01:02:09.860Z",
    "end": "2020-06-29T01:03:03.194Z",
    "duration": 53334,
    "testsRegistered": 2,
    "passPercent": 100,
    "pendingPercent": 0,
    "other": 0,
    "hasOther": false,
    "skipped": 0,
    "hasSkipped": false
  },
  "results": [
    {
      "uuid": "0d12e43b-0aa5-4e56-920d-3f5034db9cfa",
      "title": "",
      "fullFile": "cypress/integration/examples/RegressionTest.js",
      "file": "cypress/integration/examples/RegressionTest.js",
      "beforeHooks": [],
      "afterHooks": [],
      "tests": [],
      "suites": [
        {
          "uuid": "cc11a44e-dbcc-4806-94d1-213f8b67a68d",
          "title": "Regression test",
          "fullFile": "",
          "file": "",
          "beforeHooks": [],
          "afterHooks": [],
          "tests": [
            {
              "title": "Item search!!",
              "fullTitle": "Regression test Item search!!",
              "timedOut": null,
              "duration": 42297,
              "state": "passed",
              "speed": "slow",
              "pass": true,
              "fail": false,
              "pending": false,
              "context": null,
              "code": "_HomePage[\"default\"].visit();\n_HomePage[\"default\"].enterKeyWordToSearch(this.data.itemname);\n_HomePage[\"default\"].clickSearchButton();\n_ProductListPage[\"default\"].selectItemFromPLP();\n_ProductDetailsPage[\"default\"].clickAddToCartButtononPDP();",
              "err": {},
              "uuid": "a96e4052-ccbc-4702-a9e1-58c673ff7edc",
              "parentUUID": "cc11a44e-dbcc-4806-94d1-213f8b67a68d",
              "isHook": false,
              "skipped": false
            },
            {
              "title": "Select your address",
              "fullTitle": "Regression test Select your address",
              "timedOut": null,
              "duration": 8008,
              "state": "passed",
              "speed": "slow",
              "pass": true,
              "fail": false,
              "pending": false,
              "context": null,
              "code": "_HomePage[\"default\"].visit();\n_HomePage[\"default\"].clickYourAddressLink();\n_HomePage[\"default\"].clickDoneButtonToCloseSelectMyAddressModal();",
              "err": {},
              "uuid": "35b2ade0-0244-47f9-b167-ba1dcc180040",
              "parentUUID": "cc11a44e-dbcc-4806-94d1-213f8b67a68d",
              "isHook": false,
              "skipped": false
            }
          ],
          "suites": [],
          "passes": [
            "a96e4052-ccbc-4702-a9e1-58c673ff7edc",
            "35b2ade0-0244-47f9-b167-ba1dcc180040"
          ],
          "failures": [],
          "pending": [],
          "skipped": [],
          "duration": 50305,
          "root": false,
          "rootEmpty": false,
          "_timeout": 2000
        }
      ],
      "passes": [],
      "failures": [],
      "pending": [],
      "skipped": [],
      "duration": 0,
      "root": true,
      "rootEmpty": true,
      "_timeout": 2000
    }
  ],
  "meta": {
    "mocha": {
      "version": "7.0.1"
    },
    "mochawesome": {
      "options": {
        "quiet": false,
        "reportFilename": "mochawesome",
        "saveHtml": false,
        "saveJson": true,
        "consoleReporter": "spec",
        "useInlineDiffs": false
      },
      "version": "4.1.0"
    },
    "marge": {
      "options": {
        "charts": true,
        "overwrite": false,
        "html": false,
        "json": true,
        "reportDir": "cypress/report/mochawesome-report"
      },
      "version": "4.1.0"
    }
  }
}