{
  "stats": {
    "suites": 1,
    "tests": 2,
    "passes": 2,
    "pending": 0,
    "failures": 0,
    "start": "2020-06-29T01:01:15.776Z",
    "end": "2020-06-29T01:01:45.471Z",
    "duration": 29695,
    "testsRegistered": 2,
    "passPercent": 100,
    "pendingPercent": 0,
    "other": 0,
    "hasOther": false,
    "skipped": 0,
    "hasSkipped": false
  },
  "results": [
    {
      "uuid": "67b311ba-5b04-453a-aff4-53f4721fa093",
      "title": "",
      "fullFile": "cypress/integration/examples/SanityTest.js",
      "file": "cypress/integration/examples/SanityTest.js",
      "beforeHooks": [],
      "afterHooks": [],
      "tests": [],
      "suites": [
        {
          "uuid": "35e30360-40fe-4de7-ad47-6c409cc5f199",
          "title": "Sanity test",
          "fullFile": "",
          "file": "",
          "beforeHooks": [],
          "afterHooks": [],
          "tests": [
            {
              "title": "Item search!!",
              "fullTitle": "Sanity test Item search!!",
              "timedOut": null,
              "duration": 21569,
              "state": "passed",
              "speed": "slow",
              "pass": true,
              "fail": false,
              "pending": false,
              "context": null,
              "code": "_HomePage[\"default\"].visit();\n_HomePage[\"default\"].enterKeyWordToSearch(this.data.itemname);\n_HomePage[\"default\"].clickSearchButton();\n_ProductListPage[\"default\"].selectItemFromPLP();\n_ProductDetailsPage[\"default\"].clickAddToCartButtononPDP();",
              "err": {},
              "uuid": "5154a0b7-d1e4-4fc2-a55b-48ab620e7135",
              "parentUUID": "35e30360-40fe-4de7-ad47-6c409cc5f199",
              "isHook": false,
              "skipped": false
            },
            {
              "title": "Select your address",
              "fullTitle": "Sanity test Select your address",
              "timedOut": null,
              "duration": 5514,
              "state": "passed",
              "speed": "slow",
              "pass": true,
              "fail": false,
              "pending": false,
              "context": null,
              "code": "_HomePage[\"default\"].visit();\n_HomePage[\"default\"].clickYourAddressLink();\n_HomePage[\"default\"].clickDoneButtonToCloseSelectMyAddressModal();",
              "err": {},
              "uuid": "6f5941eb-74f4-4780-84dc-2937e88680b2",
              "parentUUID": "35e30360-40fe-4de7-ad47-6c409cc5f199",
              "isHook": false,
              "skipped": false
            }
          ],
          "suites": [],
          "passes": [
            "5154a0b7-d1e4-4fc2-a55b-48ab620e7135",
            "6f5941eb-74f4-4780-84dc-2937e88680b2"
          ],
          "failures": [],
          "pending": [],
          "skipped": [],
          "duration": 27083,
          "root": false,
          "rootEmpty": false,
          "_timeout": 2000
        }
      ],
      "passes": [],
      "failures": [],
      "pending": [],
      "skipped": [],
      "duration": 0,
      "root": true,
      "rootEmpty": true,
      "_timeout": 2000
    }
  ],
  "meta": {
    "mocha": {
      "version": "7.0.1"
    },
    "mochawesome": {
      "options": {
        "quiet": false,
        "reportFilename": "mochawesome",
        "saveHtml": false,
        "saveJson": true,
        "consoleReporter": "spec",
        "useInlineDiffs": false
      },
      "version": "4.1.0"
    },
    "marge": {
      "options": {
        "charts": true,
        "overwrite": false,
        "html": false,
        "json": true,
        "reportDir": "cypress/report/mochawesome-report"
      },
      "version": "4.1.0"
    }
  }
}