{
  "stats": {
    "suites": 1,
    "tests": 2,
    "passes": 2,
    "pending": 0,
    "failures": 0,
    "start": "2020-06-29T13:50:19.411Z",
    "end": "2020-06-29T13:51:09.399Z",
    "duration": 49988,
    "testsRegistered": 2,
    "passPercent": 100,
    "pendingPercent": 0,
    "other": 0,
    "hasOther": false,
    "skipped": 0,
    "hasSkipped": false
  },
  "results": [
    {
      "uuid": "f974be59-f207-4aff-8976-ead1f6fa025e",
      "title": "",
      "fullFile": "cypress/integration/examples/SmokeTest.js",
      "file": "cypress/integration/examples/SmokeTest.js",
      "beforeHooks": [],
      "afterHooks": [],
      "tests": [],
      "suites": [
        {
          "uuid": "47c4d74f-1901-47df-87b6-f9b6f9f960a6",
          "title": "Smoke test",
          "fullFile": "",
          "file": "",
          "beforeHooks": [],
          "afterHooks": [],
          "tests": [
            {
              "title": "Item search!!",
              "fullTitle": "Smoke test Item search!!",
              "timedOut": null,
              "duration": 38454,
              "state": "passed",
              "speed": "slow",
              "pass": true,
              "fail": false,
              "pending": false,
              "context": null,
              "code": "_HomePage[\"default\"].visit();\n_HomePage[\"default\"].enterKeyWordToSearch(this.data.itemname);\n_HomePage[\"default\"].clickSearchButton();\n_ProductListPage[\"default\"].selectItemFromPLP();\n_ProductDetailsPage[\"default\"].clickAddToCartButtononPDP();",
              "err": {},
              "uuid": "2c29582f-5803-4363-b50d-125181a4fe35",
              "parentUUID": "47c4d74f-1901-47df-87b6-f9b6f9f960a6",
              "isHook": false,
              "skipped": false
            },
            {
              "title": "Select your address",
              "fullTitle": "Smoke test Select your address",
              "timedOut": null,
              "duration": 8709,
              "state": "passed",
              "speed": "slow",
              "pass": true,
              "fail": false,
              "pending": false,
              "context": null,
              "code": "_HomePage[\"default\"].visit();\n_HomePage[\"default\"].clickYourAddressLink();\n_HomePage[\"default\"].clickDoneButtonToCloseSelectMyAddressModal();",
              "err": {},
              "uuid": "668c3967-344d-4ac0-bd51-f1b4466b5ca6",
              "parentUUID": "47c4d74f-1901-47df-87b6-f9b6f9f960a6",
              "isHook": false,
              "skipped": false
            }
          ],
          "suites": [],
          "passes": [
            "2c29582f-5803-4363-b50d-125181a4fe35",
            "668c3967-344d-4ac0-bd51-f1b4466b5ca6"
          ],
          "failures": [],
          "pending": [],
          "skipped": [],
          "duration": 47163,
          "root": false,
          "rootEmpty": false,
          "_timeout": 2000
        }
      ],
      "passes": [],
      "failures": [],
      "pending": [],
      "skipped": [],
      "duration": 0,
      "root": true,
      "rootEmpty": true,
      "_timeout": 2000
    }
  ],
  "meta": {
    "mocha": {
      "version": "7.0.1"
    },
    "mochawesome": {
      "options": {
        "quiet": false,
        "reportFilename": "mochawesome",
        "saveHtml": false,
        "saveJson": true,
        "consoleReporter": "spec",
        "useInlineDiffs": false
      },
      "version": "4.1.0"
    },
    "marge": {
      "options": {
        "charts": true,
        "overwrite": false,
        "html": false,
        "json": true,
        "reportDir": "cypress/report/mochawesome-report"
      },
      "version": "4.1.0"
    }
  }
}